timestamp: 2024-08-28T13:52:31.077111
CREATE TABLE "usuario"(
    "id" INTEGER PRIMARY KEY AUTOINCREMENT,
    "first_name" CHAR(128),
    "last_name" CHAR(128),
    "email" CHAR(512),
    "password" CHAR(512),
    "registration_key" CHAR(512),
    "reset_password_key" CHAR(512),
    "registration_id" CHAR(512),
    "cargo" CHAR(512)
);
success!
timestamp: 2024-08-28T13:52:31.082112
CREATE TABLE "setor"(
    "id" INTEGER PRIMARY KEY AUTOINCREMENT,
    "role" CHAR(512),
    "description" TEXT
);
success!
timestamp: 2024-08-28T13:52:31.086112
CREATE TABLE "auth_membership"(
    "id" INTEGER PRIMARY KEY AUTOINCREMENT,
    "user_id" INTEGER REFERENCES "usuario" ("id") ON DELETE CASCADE ON UPDATE CASCADE  ,
    "group_id" INTEGER REFERENCES "setor" ("id") ON DELETE CASCADE ON UPDATE CASCADE  
);
success!
timestamp: 2024-08-28T13:52:31.090111
CREATE TABLE "auth_permission"(
    "id" INTEGER PRIMARY KEY AUTOINCREMENT,
    "group_id" INTEGER REFERENCES "setor" ("id") ON DELETE CASCADE ON UPDATE CASCADE  ,
    "name" CHAR(512),
    "table_name" CHAR(512),
    "record_id" INTEGER
);
success!
timestamp: 2024-08-28T13:52:31.093111
CREATE TABLE "auth_event"(
    "id" INTEGER PRIMARY KEY AUTOINCREMENT,
    "time_stamp" TIMESTAMP,
    "client_ip" CHAR(512),
    "user_id" INTEGER REFERENCES "usuario" ("id") ON DELETE CASCADE ON UPDATE CASCADE  ,
    "origin" CHAR(512),
    "description" TEXT
);
success!
timestamp: 2024-08-28T13:52:31.097112
CREATE TABLE "auth_cas"(
    "id" INTEGER PRIMARY KEY AUTOINCREMENT,
    "user_id" INTEGER REFERENCES "usuario" ("id") ON DELETE CASCADE ON UPDATE CASCADE  ,
    "created_on" TIMESTAMP,
    "service" CHAR(512),
    "ticket" CHAR(512),
    "renew" CHAR(1)
);
success!
timestamp: 2024-08-28T13:52:31.101113
CREATE TABLE "metas"(
    "id" INTEGER PRIMARY KEY AUTOINCREMENT,
    "titulo" CHAR(512) NOT NULL,
    "descricao" TEXT NOT NULL,
    "valor" DOUBLE NOT NULL,
    "tipo" CHAR(512) NOT NULL,
    "colaborador_id" INTEGER REFERENCES "usuario" ("id") ON DELETE CASCADE ON UPDATE CASCADE  NOT NULL ,
    "data_criacao" TIMESTAMP NOT NULL DEFAULT '2024-08-28 13:52:31',
    "data_limite" TIMESTAMP NOT NULL
);
success!
timestamp: 2024-08-28T13:52:31.104111
CREATE TABLE "clientes"(
    "id" INTEGER PRIMARY KEY AUTOINCREMENT,
    "nome" CHAR(512) NOT NULL,
    "cpf_cnpj" CHAR(512) NOT NULL,
    "email" CHAR(512) NOT NULL,
    "telefone" CHAR(512) NOT NULL,
    "empresa" CHAR(512) NOT NULL,
    "cidade" CHAR(512) NOT NULL,
    "status" CHAR(512) NOT NULL
);
success!
timestamp: 2024-08-28T13:52:31.109115
CREATE TABLE "agendamentos"(
    "id" INTEGER PRIMARY KEY AUTOINCREMENT,
    "titulo" CHAR(512) NOT NULL,
    "cliente_id" INTEGER REFERENCES "clientes" ("id") ON DELETE CASCADE ON UPDATE CASCADE  NOT NULL ,
    "descricao" TEXT NOT NULL,
    "horario_inicio" TIMESTAMP NOT NULL,
    "horario_fim" TIMESTAMP NOT NULL,
    "recorrente" CHAR(1) NOT NULL DEFAULT 'F',
    "recorrencia_dias" INTEGER
);
success!
timestamp: 2024-08-28T13:52:31.112113
CREATE TABLE "tarefas"(
    "id" INTEGER PRIMARY KEY AUTOINCREMENT,
    "titulo" CHAR(512) NOT NULL,
    "descricao" TEXT NOT NULL,
    "colaborador_id" INTEGER REFERENCES "usuario" ("id") ON DELETE CASCADE ON UPDATE CASCADE  NOT NULL ,
    "cliente_id" INTEGER REFERENCES "clientes" ("id") ON DELETE CASCADE ON UPDATE CASCADE  NOT NULL ,
    "status" CHAR(512) NOT NULL,
    "prioridade" CHAR(512) NOT NULL,
    "data_criacao" TIMESTAMP NOT NULL DEFAULT '2024-08-28 13:52:31',
    "data_conclusao" TIMESTAMP NOT NULL
);
success!
timestamp: 2024-08-28T13:52:31.116113
CREATE TABLE "atividades"(
    "id" INTEGER PRIMARY KEY AUTOINCREMENT,
    "colaborador_id" INTEGER REFERENCES "usuario" ("id") ON DELETE CASCADE ON UPDATE CASCADE  NOT NULL ,
    "cliente_id" INTEGER REFERENCES "clientes" ("id") ON DELETE CASCADE ON UPDATE CASCADE  NOT NULL ,
    "data_atividade" TIMESTAMP,
    "tipo" CHAR(512) NOT NULL,
    "descricao_detalhes" TEXT NOT NULL,
    "resultado" CHAR(512) NOT NULL,
    "proxima_interacao" TIMESTAMP NOT NULL
);
success!
